<?xml version="1.0" encoding="utf-8"?><testsuites name="pytest tests"><testsuite name="pytest" errors="0" failures="0" skipped="0" tests="70" time="46.657" timestamp="2026-07-24T18:44:27.224408+00:00" hostname="agent-env-e6ea977a-6dce-4cfe-a6e3-80c744796e77"><testcase classname="tests.backend_test.TestAuth" name="test_health" time="0.132" /><testcase classname="tests.backend_test.TestAuth" name="test_request_otp_existing_demo_returns_dev_otp" time="0.106" /><testcase classname="tests.backend_test.TestAuth" name="test_request_otp_delivery_field_present_and_verify_works" time="0.208" /><testcase classname="tests.backend_test.TestAuth" name="test_openapi_docs_loads" time="0.219" /><testcase classname="tests.backend_test.TestAuth" name="test_verify_wrong_code_400" time="0.202" /><testcase classname="tests.backend_test.TestAuth" name="test_verify_otp_success_returns_tokens_and_orgs" time="1.131" /><testcase classname="tests.backend_test.TestAuth" name="test_refresh_returns_new_access" time="0.124" /><testcase classname="tests.backend_test.TestAuth" name="test_me_returns_user_and_orgs" time="0.102" /><testcase classname="tests.backend_test.TestAuth" name="test_me_requires_bearer" time="0.118" /><testcase classname="tests.backend_test.TestAuth" name="test_rate_limit_10_per_hour" time="1.393" /><testcase classname="tests.backend_test.TestAuth" name="test_logout_revokes_refresh" time="0.450" /><testcase classname="tests.backend_test.TestOrgAndRBAC" name="test_org_scoped_endpoint_needs_x_org_id" time="0.096" /><testcase classname="tests.backend_test.TestOrgAndRBAC" name="test_org_scoped_endpoint_rejects_non_member_org" time="0.107" /><testcase classname="tests.backend_test.TestOrgAndRBAC" name="test_viewer_cannot_create_project" time="0.103" /><testcase classname="tests.backend_test.TestOrgAndRBAC" name="test_engineer_cannot_create_project" time="0.102" /><testcase classname="tests.backend_test.TestOrgAndRBAC" name="test_pm_can_create_project" time="0.104" /><testcase classname="tests.backend_test.TestOrgAndRBAC" name="test_pm_cannot_invite_member" time="0.102" /><testcase classname="tests.backend_test.TestOrgAndRBAC" name="test_admin_can_invite_new_user" time="0.117" /><testcase classname="tests.backend_test.TestOrgAndRBAC" name="test_last_admin_cannot_demote_self" time="0.248" /><testcase classname="tests.backend_test.TestOrgAndRBAC" name="test_admin_cannot_deactivate_self" time="0.205" /><testcase classname="tests.backend_test.TestProjects" name="test_list_projects_returns_stats" time="0.106" /><testcase classname="tests.backend_test.TestProjects" name="test_project_detail_has_recent_activity" time="0.256" /><testcase classname="tests.backend_test.TestProjects" name="test_patch_project_status_logged" time="0.354" /><testcase classname="tests.backend_test.TestProjects" name="test_search_and_status_filter" time="0.098" /><testcase classname="tests.backend_test.TestProjects" name="test_archive_project" time="0.243" /><testcase classname="tests.backend_test.TestTasks" name="test_create_task_and_persistence" time="0.318" /><testcase classname="tests.backend_test.TestTasks" name="test_viewer_cannot_create_task" time="0.125" /><testcase classname="tests.backend_test.TestTasks" name="test_status_change_writes_history" time="0.367" /><testcase classname="tests.backend_test.TestTasks" name="test_site_engineer_cannot_revert_status" time="0.454" /><testcase classname="tests.backend_test.TestTasks" name="test_viewer_cannot_comment" time="0.233" /><testcase classname="tests.backend_test.TestTasks" name="test_engineer_comment_allowed" time="30.326" /><testcase classname="tests.backend_test.TestTasks" name="test_csv_export_tasks" time="0.181" /><testcase classname="tests.backend_test.TestTasks" name="test_list_filters_and_pagination" time="0.118" /><testcase classname="tests.backend_test.TestDailyLogs" name="test_create_draft_and_submitted" time="0.231" /><testcase classname="tests.backend_test.TestDailyLogs" name="test_duplicate_submitted_rejected" time="0.233" /><testcase classname="tests.backend_test.TestDailyLogs" name="test_multiple_drafts_allowed" time="0.239" /><testcase classname="tests.backend_test.TestDailyLogs" name="test_engineer_sees_only_own_logs" time="0.137" /><testcase classname="tests.backend_test.TestDailyLogs" name="test_submitted_log_read_only_until_unlocked" time="0.490" /><testcase classname="tests.backend_test.TestDailyLogs" name="test_engineer_cannot_unlock" time="0.248" /><testcase classname="tests.backend_test.TestIssues" name="test_create_and_transitions" time="1.022" /><testcase classname="tests.backend_test.TestIssues" name="test_viewer_cannot_create_issue" time="0.107" /><testcase classname="tests.backend_test.TestIssues" name="test_issues_csv_export" time="0.105" /><testcase classname="tests.backend_test.TestNotifications" name="test_engineer_gets_task_assignment_notif" time="0.354" /><testcase classname="tests.backend_test.TestNotifications" name="test_unread_count_and_mark_read" time="0.329" /><testcase classname="tests.backend_test.TestNotifications" name="test_read_all" time="0.218" /><testcase classname="tests.backend_test.TestUploads" name="test_upload_image_success" time="0.213" /><testcase classname="tests.backend_test.TestUploads" name="test_upload_non_image_rejected" time="0.147" /><testcase classname="tests.backend_test.TestUploads" name="test_upload_invalid_magic_bytes" time="0.101" /><testcase classname="tests.backend_test.TestCrossTenant" name="test_cross_org_isolation" time="0.664" /><testcase classname="tests.test_project_visibility.TestProjectVisibility" name="test_viewer_sees_only_assigned" time="0.230" /><testcase classname="tests.test_project_visibility.TestProjectVisibility" name="test_engineer_sees_both" time="0.106" /><testcase classname="tests.test_project_visibility.TestProjectVisibility" name="test_admin_sees_all" time="0.109" /><testcase classname="tests.test_project_visibility.TestProjectVisibility" name="test_my_roles_field_present" time="0.115" /><testcase classname="tests.test_project_visibility.TestProjectVisibility" name="test_admin_my_roles_admin" time="0.120" /><testcase classname="tests.test_project_visibility.TestProjectVisibility" name="test_engineer_my_roles_site_engineer" time="0.101" /><testcase classname="tests.test_project_visibility.TestDirectAccess" name="test_viewer_403_on_green_fields" time="0.116" /><testcase classname="tests.test_project_visibility.TestDirectAccess" name="test_viewer_200_on_skyline" time="0.107" /><testcase classname="tests.test_project_visibility.TestDirectAccess" name="test_engineer_200_on_both" time="0.238" /><testcase classname="tests.test_project_visibility.TestProjectMembers" name="test_list_skyline_members" time="0.101" /><testcase classname="tests.test_project_visibility.TestProjectMembers" name="test_assign_and_update_and_remove_member" time="0.770" /><testcase classname="tests.test_project_visibility.TestProjectMembers" name="test_cannot_remove_project_manager" time="0.100" /><testcase classname="tests.test_project_visibility.TestOrgMembersEnhanced" name="test_enhanced_fields_present" time="0.125" /><testcase classname="tests.test_project_visibility.TestMemberDetail" name="test_member_detail_shape" time="0.112" /><testcase classname="tests.test_project_visibility.TestMemberDetail" name="test_viewer_member_detail_shows_only_skyline" time="0.120" /><testcase classname="tests.test_project_visibility.TestMemberDetail" name="test_member_detail_404_bad_user" time="0.110" /><testcase classname="tests.test_project_visibility.TestProjectRBAC" name="test_viewer_cannot_create_task_on_assigned_project" time="0.103" /><testcase classname="tests.test_project_visibility.TestProjectRBAC" name="test_engineer_can_create_task" time="0.121" /><testcase classname="tests.test_project_visibility.TestProjectRBAC" name="test_viewer_cannot_write_to_unassigned_project" time="0.101" /><testcase classname="tests.test_project_visibility.TestProjectRBAC" name="test_pm_can_update_project" time="0.116" /><testcase classname="tests.test_project_visibility.TestProjectRBAC" name="test_engineer_cannot_update_project" time="0.098" /></testsuite></testsuites>