<?xml version="1.0" encoding="utf-8"?><testsuites name="pytest tests"><testsuite name="pytest" errors="0" failures="0" skipped="0" tests="47" time="15.170" timestamp="2026-07-17T16:15:54.697562+00:00" hostname="agent-env-88fefd92-070f-4728-a067-c82371467188"><testcase classname="tests.backend_test.TestAuth" name="test_health" time="0.315" /><testcase classname="tests.backend_test.TestAuth" name="test_request_otp_existing_demo_returns_dev_otp" time="0.153" /><testcase classname="tests.backend_test.TestAuth" name="test_verify_wrong_code_400" time="0.290" /><testcase classname="tests.backend_test.TestAuth" name="test_verify_otp_success_returns_tokens_and_orgs" time="1.125" /><testcase classname="tests.backend_test.TestAuth" name="test_refresh_returns_new_access" time="0.138" /><testcase classname="tests.backend_test.TestAuth" name="test_me_returns_user_and_orgs" time="0.132" /><testcase classname="tests.backend_test.TestAuth" name="test_me_requires_bearer" time="0.124" /><testcase classname="tests.backend_test.TestAuth" name="test_rate_limit_10_per_hour" time="1.907" /><testcase classname="tests.backend_test.TestAuth" name="test_logout_revokes_refresh" time="0.578" /><testcase classname="tests.backend_test.TestOrgAndRBAC" name="test_org_scoped_endpoint_needs_x_org_id" time="0.103" /><testcase classname="tests.backend_test.TestOrgAndRBAC" name="test_org_scoped_endpoint_rejects_non_member_org" time="0.103" /><testcase classname="tests.backend_test.TestOrgAndRBAC" name="test_viewer_cannot_create_project" time="0.136" /><testcase classname="tests.backend_test.TestOrgAndRBAC" name="test_engineer_cannot_create_project" time="0.182" /><testcase classname="tests.backend_test.TestOrgAndRBAC" name="test_pm_can_create_project" time="0.110" /><testcase classname="tests.backend_test.TestOrgAndRBAC" name="test_pm_cannot_invite_member" time="0.146" /><testcase classname="tests.backend_test.TestOrgAndRBAC" name="test_admin_can_invite_new_user" time="0.126" /><testcase classname="tests.backend_test.TestOrgAndRBAC" name="test_last_admin_cannot_demote_self" time="0.278" /><testcase classname="tests.backend_test.TestOrgAndRBAC" name="test_admin_cannot_deactivate_self" time="0.255" /><testcase classname="tests.backend_test.TestProjects" name="test_list_projects_returns_stats" time="0.105" /><testcase classname="tests.backend_test.TestProjects" name="test_project_detail_has_recent_activity" time="0.408" /><testcase classname="tests.backend_test.TestProjects" name="test_patch_project_status_logged" time="0.395" /><testcase classname="tests.backend_test.TestProjects" name="test_search_and_status_filter" time="0.231" /><testcase classname="tests.backend_test.TestProjects" name="test_archive_project" time="0.261" /><testcase classname="tests.backend_test.TestTasks" name="test_create_task_and_persistence" time="0.413" /><testcase classname="tests.backend_test.TestTasks" name="test_viewer_cannot_create_task" time="0.115" /><testcase classname="tests.backend_test.TestTasks" name="test_status_change_writes_history" time="0.356" /><testcase classname="tests.backend_test.TestTasks" name="test_site_engineer_cannot_revert_status" time="0.505" /><testcase classname="tests.backend_test.TestTasks" name="test_viewer_cannot_comment" time="0.228" /><testcase classname="tests.backend_test.TestTasks" name="test_engineer_comment_allowed" time="0.262" /><testcase classname="tests.backend_test.TestTasks" name="test_csv_export_tasks" time="0.130" /><testcase classname="tests.backend_test.TestTasks" name="test_list_filters_and_pagination" time="0.138" /><testcase classname="tests.backend_test.TestDailyLogs" name="test_create_draft_and_submitted" time="0.296" /><testcase classname="tests.backend_test.TestDailyLogs" name="test_duplicate_submitted_rejected" time="0.287" /><testcase classname="tests.backend_test.TestDailyLogs" name="test_multiple_drafts_allowed" time="0.264" /><testcase classname="tests.backend_test.TestDailyLogs" name="test_engineer_sees_only_own_logs" time="0.140" /><testcase classname="tests.backend_test.TestDailyLogs" name="test_submitted_log_read_only_until_unlocked" time="0.514" /><testcase classname="tests.backend_test.TestDailyLogs" name="test_engineer_cannot_unlock" time="0.269" /><testcase classname="tests.backend_test.TestIssues" name="test_create_and_transitions" time="1.110" /><testcase classname="tests.backend_test.TestIssues" name="test_viewer_cannot_create_issue" time="0.145" /><testcase classname="tests.backend_test.TestIssues" name="test_issues_csv_export" time="0.106" /><testcase classname="tests.backend_test.TestNotifications" name="test_engineer_gets_task_assignment_notif" time="0.379" /><testcase classname="tests.backend_test.TestNotifications" name="test_unread_count_and_mark_read" time="0.372" /><testcase classname="tests.backend_test.TestNotifications" name="test_read_all" time="0.231" /><testcase classname="tests.backend_test.TestUploads" name="test_upload_image_success" time="0.128" /><testcase classname="tests.backend_test.TestUploads" name="test_upload_non_image_rejected" time="0.110" /><testcase classname="tests.backend_test.TestUploads" name="test_upload_invalid_magic_bytes" time="0.107" /><testcase classname="tests.backend_test.TestCrossTenant" name="test_cross_org_isolation" time="0.744" /></testsuite></testsuites>